2026-02-12 17:19:14,931 : INFO : root : Loading config.
2026-02-12 17:19:14,931 : INFO : YamlMultifileConfigLoader : Machine config file #1: config.yaml
2026-02-12 17:19:14,931 : INFO : ConfigProcessor : Loading config from cache: C:\Users\tl\AppData\Local\Temp\86f932e179f318f5dae29f066573dee9.mpf_cache
2026-02-12 17:19:15,025 : DEBUG : YamlMultifileConfigLoader : Loading mode attract from C:\mpf\Lib\site-packages\mpf\modes\attract\config\attract.yaml
2026-02-12 17:19:15,025 : DEBUG : YamlMultifileConfigLoader : Loading mode attract from C:\mpf\Lib\site-packages\mpf\modes\attract\config\attract.yaml
2026-02-12 17:19:15,025 : INFO : ConfigProcessor : Loading config from cache: C:\Users\tl\AppData\Local\Temp\5e7e3dd8e04e0aa46ea76018297218da.mpf_cache
2026-02-12 17:19:15,025 : DEBUG : YamlMultifileConfigLoader : Loading mode game from C:\mpf\Lib\site-packages\mpf\modes\game\config\game.yaml
2026-02-12 17:19:15,025 : INFO : ConfigProcessor : Loading config from cache: C:\Users\tl\AppData\Local\Temp\af6ad0dab2f43bd9cbdac83e0b2786ac.mpf_cache
2026-02-12 17:19:15,025 : DEBUG : YamlMultifileConfigLoader : Loading mode attract from C:\mpf\Lib\site-packages\mpf\modes\attract\config\attract.yaml
2026-02-12 17:19:15,025 : DEBUG : YamlMultifileConfigLoader : Loading mode attract from C:\mpf\Lib\site-packages\mpf\modes\attract\config\attract.yaml
2026-02-12 17:19:15,025 : INFO : ConfigProcessor : Loading config from cache: C:\Users\tl\AppData\Local\Temp\5e7e3dd8e04e0aa46ea76018297218da.mpf_cache
2026-02-12 17:19:15,025 : DEBUG : YamlMultifileConfigLoader : Loading mode service from C:\mpf\Lib\site-packages\mpf\modes\service\config\service.yaml
2026-02-12 17:19:15,025 : INFO : ConfigProcessor : Loading config from cache: C:\Users\tl\AppData\Local\Temp\5d3b5ebc494e9a7257164cf172f94bef.mpf_cache
2026-02-12 17:19:15,025 : INFO : ConfigProcessor : Loading config from cache: C:\Users\tl\AppData\Local\Temp\5d4a31ba12353a8d97b779019117e810.mpf_cache
2026-02-12 17:19:15,025 : INFO : Machine : Mission Pinball Framework Core Engine v0.80.0.dev12
2026-02-12 17:19:15,025 : INFO : Machine : Command line arguments: {'no_load_cache': False, 'create_config_cache': True, 'bcp': False, 'configfile': ['config.yaml'], 'force_assets_load': False, 'platform_integration_test': False, 'jsonlogging': False, 'logfile': 'logs\\2026-02-12-17-19-14-mpf-DESKTOP-HV85DRD.log', 'pause': False, 'production': False, 'text_ui': True, 'loglevel': 10, 'consoleloglevel': 20, 'force_platform': None, 'syslog_address': None, 'full_logfile_path': 'C:\\Users\\tl\\Documents\\tl-pinball\\logs\\2026-02-12-17-19-14-mpf-DESKTOP-HV85DRD.log'}
2026-02-12 17:19:15,025 : INFO : Machine : MPF path: C:\mpf\Lib\site-packages\mpf
2026-02-12 17:19:15,025 : INFO : Machine : Machine path: C:\Users\tl\Documents\tl-pinball
2026-02-12 17:19:15,025 : INFO : Machine : Platform: win32
2026-02-12 17:19:15,025 : INFO : Machine : Python executable location: C:\mpf\Scripts\python.exe
2026-02-12 17:19:15,025 : INFO : Machine : Python version: 3.12.7 (64-bit)
2026-02-12 17:19:15,025 : DEBUG : asyncio : Using proactor: IocpProactor
2026-02-12 17:19:15,025 : INFO : Machine : Initializing MPF...
2026-02-12 17:19:15,138 : DEBUG : asciimatics.widgets.layout : Updating: None
2026-02-12 17:19:15,139 : DEBUG : asciimatics.widgets.layout : Updating: None
2026-02-12 17:19:15,139 : DEBUG : asciimatics.widgets.layout : Updating: None
2026-02-12 17:19:15,139 : DEBUG : asciimatics.widgets.layout : Updating: None
2026-02-12 17:19:15,139 : DEBUG : asciimatics.widgets.layout : Updating: None
2026-02-12 17:19:15,139 : DEBUG : asciimatics.widgets.layout : Updating: None
2026-02-12 17:19:15,139 : DEBUG : asciimatics.widgets.layout : Updating: None
2026-02-12 17:19:15,139 : DEBUG : asciimatics.widgets.layout : Updating: None
2026-02-12 17:19:15,139 : DEBUG : asciimatics.widgets.layout : Updating: None
2026-02-12 17:19:15,139 : DEBUG : asciimatics.widgets.layout : Updating: None
2026-02-12 17:19:15,139 : DEBUG : asciimatics.widgets.layout : Updating: None
2026-02-12 17:19:15,139 : DEBUG : asciimatics.widgets.layout : Updating: None
2026-02-12 17:19:15,139 : DEBUG : asciimatics.widgets.widget : Widget blur: <asciimatics.widgets.label.Label object at 0x0000017E92D9DF20>
2026-02-12 17:19:15,139 : DEBUG : asciimatics.widgets.widget : Widget blur: <asciimatics.widgets.label.Label object at 0x0000017E92FBE0C0>
2026-02-12 17:19:15,139 : DEBUG : asciimatics.widgets.widget : Widget blur: <asciimatics.widgets.label.Label object at 0x0000017E92FBE260>
2026-02-12 17:19:15,140 : DEBUG : asciimatics.widgets.layout : Blur: <asciimatics.widgets.layout.Layout object at 0x0000017E92FBB1C0>
2026-02-12 17:19:15,141 : DEBUG : asciimatics.widgets.layout : Blur: <mpf.core.text_ui.MpfLayout object at 0x0000017E92E1C6E0>
2026-02-12 17:19:15,141 : DEBUG : asciimatics.widgets.layout : Updating: None
2026-02-12 17:19:15,141 : DEBUG : asciimatics.widgets.layout : Updating: None
2026-02-12 17:19:15,141 : DEBUG : asciimatics.widgets.layout : Updating: None
2026-02-12 17:19:15,141 : DEBUG : asciimatics.widgets.layout : Updating: None
2026-02-12 17:19:15,141 : DEBUG : asciimatics.widgets.layout : Updating: None
2026-02-12 17:19:15,141 : DEBUG : asciimatics.widgets.layout : Updating: None
2026-02-12 17:19:15,141 : DEBUG : asciimatics.widgets.widget : Widget blur: <asciimatics.widgets.label.Label object at 0x0000017E92FBE670>
2026-02-12 17:19:15,141 : DEBUG : asciimatics.widgets.widget : Widget blur: <asciimatics.widgets.label.Label object at 0x0000017E92FBE5A0>
2026-02-12 17:19:15,141 : DEBUG : asciimatics.widgets.widget : Widget blur: <asciimatics.widgets.label.Label object at 0x0000017E92FBE740>
2026-02-12 17:19:15,141 : DEBUG : asciimatics.widgets.widget : Widget blur: <asciimatics.widgets.label.Label object at 0x0000017E92FBE4D0>
2026-02-12 17:19:15,141 : DEBUG : asciimatics.widgets.widget : Widget blur: <asciimatics.widgets.label.Label object at 0x0000017E92FBE400>
2026-02-12 17:19:15,141 : DEBUG : asciimatics.widgets.widget : Widget blur: <asciimatics.widgets.label.Label object at 0x0000017E92FBE330>
2026-02-12 17:19:15,141 : DEBUG : asciimatics.widgets.layout : Blur: <asciimatics.widgets.layout.Layout object at 0x0000017E92FBB220>
2026-02-12 17:19:15,141 : DEBUG : asciimatics.widgets.layout : Focus: <asciimatics.widgets.layout.Layout object at 0x0000017E92FBB1C0>
2026-02-12 17:19:15,141 : DEBUG : asciimatics.widgets.layout : Focus: <mpf.core.text_ui.MpfLayout object at 0x0000017E92E1C6E0>
2026-02-12 17:19:15,141 : DEBUG : asciimatics.widgets.layout : Focus: <asciimatics.widgets.layout.Layout object at 0x0000017E92FBB220>
2026-02-12 17:19:15,141 : DEBUG : asciimatics.widgets.frame : Cloning: Test
2026-02-12 17:19:15,141 : DEBUG : asciimatics.widgets.layout : Updating: None
2026-02-12 17:19:15,141 : DEBUG : asciimatics.widgets.layout : Updating: None
2026-02-12 17:19:15,141 : DEBUG : asciimatics.widgets.layout : Updating: None
2026-02-12 17:19:15,141 : DEBUG : asciimatics.widgets.layout : Updating: None
2026-02-12 17:19:15,141 : DEBUG : asciimatics.widgets.layout : Updating: None
2026-02-12 17:19:15,142 : DEBUG : asciimatics.widgets.layout : Updating: None
2026-02-12 17:19:15,142 : DEBUG : asciimatics.widgets.layout : Updating: None
2026-02-12 17:19:15,142 : DEBUG : asciimatics.widgets.layout : Updating: None
2026-02-12 17:19:15,142 : DEBUG : asciimatics.widgets.layout : Updating: None
2026-02-12 17:19:15,142 : DEBUG : asciimatics.widgets.layout : Updating: None
2026-02-12 17:19:15,142 : DEBUG : asciimatics.widgets.layout : Updating: None
2026-02-12 17:19:15,142 : DEBUG : asciimatics.widgets.layout : Updating: None
2026-02-12 17:19:15,142 : DEBUG : asciimatics.widgets.layout : Updating: None
2026-02-12 17:19:15,142 : DEBUG : asciimatics.widgets.layout : Updating: None
2026-02-12 17:19:15,142 : DEBUG : asciimatics.widgets.layout : Updating: None
2026-02-12 17:19:15,142 : DEBUG : asciimatics.widgets.layout : Updating: None
2026-02-12 17:19:15,142 : DEBUG : asciimatics.widgets.layout : Updating: None
2026-02-12 17:19:15,142 : DEBUG : asciimatics.widgets.layout : Updating: None
2026-02-12 17:19:15,144 : DEBUG : asciimatics.screen : Processing key: d
2026-02-12 17:19:15,462 : INFO : FAST : Auto-detecting ports for the following connections: ['net', 'exp']
2026-02-12 17:19:15,462 : DEBUG : FAST : Port COM3 is connected to a FAST Neuron Controller.
2026-02-12 17:19:15,462 : DEBUG : FAST : Port COM5 is connected to a FAST Neuron Controller.
2026-02-12 17:19:15,462 : DEBUG : FAST : Port COM4 is connected to a FAST Neuron Controller.
2026-02-12 17:19:15,494 : INFO : FAST : Detected NET on port COM4
2026-02-12 17:19:15,509 : INFO : FAST : Detected EXP on port COM5
2026-02-12 17:19:15,626 : INFO : FAST [NET] : Trying to connect to COM4 at 921600bps
2026-02-12 17:19:15,626 : INFO : FAST [NET] : Connected to COM4 at 921600bps
2026-02-12 17:19:15,641 : INFO : FAST [NET] : Connected to FP-CPU-2000 with firmware v02.26
2026-02-12 17:19:15,673 : INFO : FAST [NET] : Registered I/O Board 0: Model: FP-I/O-0804, Firmware: 01.10, Switches: 8, Drivers: 4
2026-02-12 17:19:15,697 : INFO : FAST [NET] : Registered I/O Board 1: Model: FP-I/O-1616, Firmware: 01.10, Switches: 16, Drivers: 16
2026-02-12 17:19:15,712 : INFO : FAST [NET] : Registered I/O Board 2: Model: FP-I/O-3208, Firmware: 01.10, Switches: 32, Drivers: 8
2026-02-12 17:19:15,728 : INFO : FAST [NET] : Registered I/O Board 3: Model: FP-I/O-1616, Firmware: 01.10, Switches: 16, Drivers: 16
2026-02-12 17:19:15,728 : INFO : FAST [EXP] : Trying to connect to COM5 at 921600bps
2026-02-12 17:19:15,728 : INFO : FAST [EXP] : Connected to COM5 at 921600bps
2026-02-12 17:19:15,728 : DEBUG : FAST [EXP] : Creating FAST Expansion Board "ledneuron" (FP-EXP-2000 Address: 48)
2026-02-12 17:19:15,728 : DEBUG : FAST [EXP] : Creating FAST Breakout Board 0 on EXP "ledneuron" (FP-EXP-2000, @48)
2026-02-12 17:19:15,743 : INFO : FAST [EXP] : Verifying hardware for EXP "ledneuron" (FP-EXP-2000, @48) with ID string "EXP FP-EXP-2000  0.42", board address 48
2026-02-12 17:19:15,759 : INFO : FAST [EXP] : Verifying hardware for EXP "ledneuron" (FP-EXP-2000, @48) with ID string "BRK FP-EXP-2000  0.42", board address 480
2026-02-12 17:19:15,775 : DEBUG : FAST [EXP] : Creating FAST Expansion Board "ledpf1" (FP-EXP-0081 Address: 84)
2026-02-12 17:19:15,775 : DEBUG : FAST [EXP] : Creating FAST Breakout Board 0 on EXP "ledpf1" (FP-EXP-0081, @84)
2026-02-12 17:19:15,775 : DEBUG : FAST [EXP] : Creating FAST Breakout Board 1 on EXP "ledpf1" (FP-EXP-0081, @84)
2026-02-12 17:19:15,791 : INFO : FAST [EXP] : Verifying hardware for EXP "ledpf1" (FP-EXP-0081, @84) with ID string "EXP FP-EXP-0081  0.38", board address 84
2026-02-12 17:19:15,807 : INFO : FAST [EXP] : Verifying hardware for EXP "ledpf1" (FP-EXP-0081, @84) with ID string "BRK FP-EXP-0081  0.38", board address 840
2026-02-12 17:19:15,822 : INFO : FAST [EXP] : Verifying hardware for EXP "ledpf1" (FP-EXP-0081, @84) with ID string "BRK FP-EXP-0081  0.38", board address 841
2026-02-12 17:19:15,838 : INFO : EventManager : Event: ======'machine_var_credits_string'====== Args={'value': 'FREE PLAY', 'prev_value': None, 'change': True}
2026-02-12 17:19:15,854 : DEBUG : YAML File Interface : Loading file: C:\Users\tl\Documents\tl-pinball\data/machine_vars.yaml
2026-02-12 17:19:15,854 : INFO : EventManager : Event: ======'machine_var_master_volume'====== Args={'value': 0.5, 'prev_value': None, 'change': True}
2026-02-12 17:19:15,854 : INFO : EventManager : Event: ======'machine_var_player1_score'====== Args={'value': 0, 'prev_value': None, 'change': True}
2026-02-12 17:19:15,854 : INFO : EventManager : Event: ======'machine_var_mpf_version'====== Args={'value': 'Mission Pinball Framework v0.80.0.dev12', 'prev_value': None, 'change': True}
2026-02-12 17:19:15,854 : INFO : EventManager : Event: ======'machine_var_mpf_extended_version'====== Args={'value': 'Mission Pinball Framework v0.80.0.dev12, Config version:6, Show version: 6, BCP version:1.1', 'prev_value': None, 'change': True}
2026-02-12 17:19:15,854 : INFO : EventManager : Event: ======'machine_var_python_version'====== Args={'value': '3.12.7', 'prev_value': None, 'change': True}
2026-02-12 17:19:15,900 : INFO : EventManager : Event: ======'machine_var_platform'====== Args={'value': 'Windows-10-10.0.19044-SP0', 'prev_value': None, 'change': True}
2026-02-12 17:19:15,900 : INFO : EventManager : Event: ======'machine_var_platform_system'====== Args={'value': 'Windows', 'prev_value': None, 'change': True}
2026-02-12 17:19:15,900 : INFO : EventManager : Event: ======'machine_var_platform_release'====== Args={'value': '10', 'prev_value': None, 'change': True}
2026-02-12 17:19:15,900 : INFO : EventManager : Event: ======'machine_var_platform_version'====== Args={'value': '10.0.19044', 'prev_value': None, 'change': True}
2026-02-12 17:19:15,900 : INFO : EventManager : Event: ======'machine_var_platform_machine'====== Args={'value': 'AMD64', 'prev_value': None, 'change': True}
2026-02-12 17:19:15,900 : INFO : EventManager : Event: ======'machine_var_log_file_path'====== Args={'value': 'C:\\Users\\tl\\Documents\\tl-pinball\\logs\\2026-02-12-17-19-14-mpf-DESKTOP-HV85DRD.log', 'prev_value': None, 'change': True}
2026-02-12 17:19:15,900 : INFO : EventManager : Event: ======'init_phase_1'====== Args={}
2026-02-12 17:19:15,915 : DEBUG : ModeController : Loaded mode attract
2026-02-12 17:19:15,915 : DEBUG : ModeController : Loaded mode service
2026-02-12 17:19:15,915 : DEBUG : ModeController : Loaded mode game
2026-02-12 17:19:15,931 : DEBUG : FASTLED : Creating FAST RGB LED on expansion board at hardware address: 48000
2026-02-12 17:19:15,931 : DEBUG : FASTLED : Creating FAST RGB LED on expansion board at hardware address: 48001
2026-02-12 17:19:15,947 : INFO : EventManager : Event: ======'drop_target_bank_dtb_characters_up'====== Args={}
2026-02-12 17:19:15,947 : INFO : EventManager : Event: ======'drop_target_bank_dtb_rollover_up'====== Args={}
2026-02-12 17:19:15,947 : ERROR : asyncio : Task exception was never retrieved
future: <Task finished name='Task-43' coro=<SystemWideDevice.device_added_system_wide() done, defined at C:\mpf\Lib\site-packages\mpf\core\system_wide_device.py:15> exception=ConfigFileError('Failed to configure switch s_test_hold in platform. See error above')>
Traceback (most recent call last):
  File "C:\mpf\Lib\site-packages\mpf\devices\switch.py", line 149, in _initialize
    self.hw_switch = self.platform.configure_switch(
                     ^^^^^^^^^^^^^^^^^^^^^^^^^^^^^^^
  File "C:\mpf\Lib\site-packages\mpf\platforms\fast\fast.py", line 579, in configure_switch
    self.raise_config_error(f"Could not parse switch number {config.name}/{number}. Seems "
  File "C:\mpf\Lib\site-packages\mpf\core\logging.py", line 175, in raise_config_error
    raise ConfigFileError(msg, error_no, self.log.name if self.log else "", context, self._url_base) \
mpf.exceptions.config_file_error.ConfigFileError: Config File Error in FAST: Could not parse switch number s_test_hold/virtual. Seems to be not a valid switch number for the FAST platform. Error Code: CFE-https://fastpinball.com/mpf/error-8 (https://missionpinball.org/latest/logs)

The above exception was the direct cause of the following exception:

Traceback (most recent call last):
  File "C:\mpf\Lib\site-packages\mpf\core\system_wide_device.py", line 17, in device_added_system_wide
    await self._initialize()
  File "C:\mpf\Lib\site-packages\mpf\devices\switch.py", line 152, in _initialize
    raise ConfigFileError("Failed to configure switch {} in platform. See error above".format(self.name), 2,
mpf.exceptions.config_file_error.ConfigFileError: Config File Error in switch: Failed to configure switch s_test_hold in platform. See error above Error Code: CFE-switch-2 (https://missionpinball.org/latest/logs)
2026-02-12 17:19:15,947 : ERROR : asyncio : Task exception was never retrieved
future: <Task finished name='Task-44' coro=<SystemWideDevice.device_added_system_wide() done, defined at C:\mpf\Lib\site-packages\mpf\core\system_wide_device.py:15> exception=ConfigFileError('Failed to configure switch s_test_main in platform. See error above')>
Traceback (most recent call last):
  File "C:\mpf\Lib\site-packages\mpf\devices\switch.py", line 149, in _initialize
    self.hw_switch = self.platform.configure_switch(
                     ^^^^^^^^^^^^^^^^^^^^^^^^^^^^^^^
  File "C:\mpf\Lib\site-packages\mpf\platforms\fast\fast.py", line 579, in configure_switch
    self.raise_config_error(f"Could not parse switch number {config.name}/{number}. Seems "
  File "C:\mpf\Lib\site-packages\mpf\core\logging.py", line 175, in raise_config_error
    raise ConfigFileError(msg, error_no, self.log.name if self.log else "", context, self._url_base) \
mpf.exceptions.config_file_error.ConfigFileError: Config File Error in FAST: Could not parse switch number s_test_main/virtual. Seems to be not a valid switch number for the FAST platform. Error Code: CFE-https://fastpinball.com/mpf/error-8 (https://missionpinball.org/latest/logs)

The above exception was the direct cause of the following exception:

Traceback (most recent call last):
  File "C:\mpf\Lib\site-packages\mpf\core\system_wide_device.py", line 17, in device_added_system_wide
    await self._initialize()
  File "C:\mpf\Lib\site-packages\mpf\devices\switch.py", line 152, in _initialize
    raise ConfigFileError("Failed to configure switch {} in platform. See error above".format(self.name), 2,
mpf.exceptions.config_file_error.ConfigFileError: Config File Error in switch: Failed to configure switch s_test_main in platform. See error above Error Code: CFE-switch-2 (https://missionpinball.org/latest/logs)
2026-02-12 17:19:15,947 : INFO : Machine : Starting the main run loop with active modes: []
2026-02-12 17:19:15,947 : WARNING : Machine : Attract mode is not active, game will not be playable. Please check your attract mode configuration.
2026-02-12 17:19:15,962 : INFO : Machine : Shutting down...
2026-02-12 17:19:15,962 : INFO : EventManager : Event: ======'shutdown'====== Args={}
2026-02-12 17:19:16,057 : DEBUG : FAST [NET] : Stop called on serial connection NET
2026-02-12 17:19:16,057 : DEBUG : FAST [EXP] : Stop called on serial connection EXP
2026-02-12 17:19:17,057 : ERROR : Machine : Runtime Exception
Traceback (most recent call last):
  File "C:\mpf\Lib\site-packages\mpf\devices\switch.py", line 149, in _initialize
    self.hw_switch = self.platform.configure_switch(
                     ^^^^^^^^^^^^^^^^^^^^^^^^^^^^^^^
  File "C:\mpf\Lib\site-packages\mpf\platforms\fast\fast.py", line 579, in configure_switch
    self.raise_config_error(f"Could not parse switch number {config.name}/{number}. Seems "
  File "C:\mpf\Lib\site-packages\mpf\core\logging.py", line 175, in raise_config_error
    raise ConfigFileError(msg, error_no, self.log.name if self.log else "", context, self._url_base) \
mpf.exceptions.config_file_error.ConfigFileError: Config File Error in FAST: Could not parse switch number s_test_hold/virtual. Seems to be not a valid switch number for the FAST platform. Error Code: CFE-https://fastpinball.com/mpf/error-8 (https://missionpinball.org/latest/logs)

The above exception was the direct cause of the following exception:

Traceback (most recent call last):
  File "C:\mpf\Lib\site-packages\mpf\core\machine.py", line 810, in _run_loop
    raise self._exception['exception']
  File "C:\mpf\Lib\site-packages\mpf\core\system_wide_device.py", line 17, in device_added_system_wide
    await self._initialize()
  File "C:\mpf\Lib\site-packages\mpf\devices\switch.py", line 152, in _initialize
    raise ConfigFileError("Failed to configure switch {} in platform. See error above".format(self.name), 2,
mpf.exceptions.config_file_error.ConfigFileError: Config File Error in switch: Failed to configure switch s_test_hold in platform. See error above Error Code: CFE-switch-2 (https://missionpinball.org/latest/logs)
2026-02-12 17:19:17,057 : INFO : root : MPF run loop ended.
