2026-02-11 18:35:32,171 : INFO : root : Loading config.
2026-02-11 18:35:32,175 : INFO : YamlMultifileConfigLoader : Machine config file #1: config.yaml
2026-02-11 18:35:32,175 : INFO : ConfigProcessor : Loading config from cache: C:\Users\tl\AppData\Local\Temp\86f932e179f318f5dae29f066573dee9.mpf_cache
2026-02-11 18:35:32,268 : DEBUG : YamlMultifileConfigLoader : Loading mode attract from C:\mpf\Lib\site-packages\mpf\modes\attract\config\attract.yaml
2026-02-11 18:35:32,268 : DEBUG : YamlMultifileConfigLoader : Loading mode attract from C:\mpf\Lib\site-packages\mpf\modes\attract\config\attract.yaml
2026-02-11 18:35:32,268 : INFO : ConfigProcessor : Loading config from cache: C:\Users\tl\AppData\Local\Temp\5e7e3dd8e04e0aa46ea76018297218da.mpf_cache
2026-02-11 18:35:32,269 : DEBUG : YamlMultifileConfigLoader : Loading mode game from C:\mpf\Lib\site-packages\mpf\modes\game\config\game.yaml
2026-02-11 18:35:32,269 : INFO : ConfigProcessor : Loading config from cache: C:\Users\tl\AppData\Local\Temp\af6ad0dab2f43bd9cbdac83e0b2786ac.mpf_cache
2026-02-11 18:35:32,270 : DEBUG : YamlMultifileConfigLoader : Loading mode attract from C:\mpf\Lib\site-packages\mpf\modes\attract\config\attract.yaml
2026-02-11 18:35:32,270 : DEBUG : YamlMultifileConfigLoader : Loading mode attract from C:\mpf\Lib\site-packages\mpf\modes\attract\config\attract.yaml
2026-02-11 18:35:32,270 : INFO : ConfigProcessor : Loading config from cache: C:\Users\tl\AppData\Local\Temp\5e7e3dd8e04e0aa46ea76018297218da.mpf_cache
2026-02-11 18:35:32,271 : INFO : ConfigProcessor : Loading config from cache: C:\Users\tl\AppData\Local\Temp\5d4a31ba12353a8d97b779019117e810.mpf_cache
2026-02-11 18:35:32,272 : INFO : Machine : Mission Pinball Framework Core Engine v0.80.0.dev12
2026-02-11 18:35:32,272 : INFO : Machine : Command line arguments: {'no_load_cache': False, 'create_config_cache': True, 'bcp': False, 'configfile': ['config.yaml'], 'force_assets_load': True, 'platform_integration_test': False, 'jsonlogging': False, 'logfile': 'logs\\2026-02-11-18-35-32-mpf-DESKTOP-HV85DRD.log', 'pause': False, 'production': False, 'text_ui': False, 'loglevel': 10, 'consoleloglevel': 20, 'force_platform': None, 'syslog_address': None, 'full_logfile_path': 'C:\\Users\\tl\\Documents\\tl-pinball\\logs\\2026-02-11-18-35-32-mpf-DESKTOP-HV85DRD.log'}
2026-02-11 18:35:32,272 : INFO : Machine : MPF path: C:\mpf\Lib\site-packages\mpf
2026-02-11 18:35:32,272 : INFO : Machine : Machine path: C:\Users\tl\Documents\tl-pinball
2026-02-11 18:35:32,272 : INFO : Machine : Platform: win32
2026-02-11 18:35:32,272 : INFO : Machine : Python executable location: C:\mpf\Scripts\python.exe
2026-02-11 18:35:32,272 : INFO : Machine : Python version: 3.12.7 (64-bit)
2026-02-11 18:35:32,273 : DEBUG : asyncio : Using proactor: IocpProactor
2026-02-11 18:35:32,274 : INFO : Machine : Initializing MPF...
2026-02-11 18:35:32,369 : DEBUG : TextUi : Text UI is disabled. TUI option setting: False, Asciimatics loaded: <class 'asciimatics.scene.Scene'>
2026-02-11 18:35:32,380 : INFO : FAST : Auto-detecting ports for the following connections: ['net', 'exp']
2026-02-11 18:35:32,492 : ERROR : FAST [NET] : Failed to connect to any of the specified ports.
2026-02-11 18:35:32,492 : INFO : Machine : Shutting down...
2026-02-11 18:35:32,492 : INFO : EventManager : Event: ======'shutdown'====== Args={}
2026-02-11 18:35:32,603 : DEBUG : FAST [NET] : Stop called on serial connection NET
2026-02-11 18:35:32,603 : ERROR : Machine : Failed to initialize MPF
Traceback (most recent call last):
  File "C:\mpf\Lib\site-packages\mpf\platforms\fast\fast.py", line 285, in _connect_to_hardware
    await communicator.connect()
  File "C:\mpf\Lib\site-packages\mpf\platforms\fast\communicators\base.py", line 114, in connect
    raise SerialException(f"{self} could not connect to a serial port. Is it open in CoolTerm? ;)")
serial.serialutil.SerialException: [FAST NET] could not connect to a serial port. Is it open in CoolTerm? ;)

The above exception was the direct cause of the following exception:

Traceback (most recent call last):
  File "C:\mpf\Lib\site-packages\mpf\core\machine.py", line 688, in initialize_mpf
    raise init.exception()
  File "C:\mpf\Lib\site-packages\mpf\core\machine.py", line 250, in initialize
    await self.initialize_core_and_hardware()
  File "C:\mpf\Lib\site-packages\mpf\core\machine.py", line 246, in initialize_core_and_hardware
    await self._initialize_platforms()
  File "C:\mpf\Lib\site-packages\mpf\core\machine.py", line 336, in _initialize_platforms
    result.result()
  File "C:\mpf\Lib\site-packages\mpf\platforms\fast\fast.py", line 126, in initialize
    await self._connect_to_hardware()
  File "C:\mpf\Lib\site-packages\mpf\platforms\fast\fast.py", line 292, in _connect_to_hardware
    raise MpfRuntimeError(f"Could not open serial port {port}. Is something else connected to the port? "
mpf.exceptions.runtime_error.MpfRuntimeError: Runtime Error in FAST: Could not open serial port net. Is something else connected to the port? Did the port number or your computer change? Do you have permissions to access the port? Error Code: RE-FAST-1 (https://missionpinball.org/latest/logs)
2026-02-11 18:35:32,606 : INFO : root : MPF run loop ended.
